<?xml version="1.0" encoding="utf-8"?><testsuites name="pytest tests"><testsuite name="pytest" errors="0" failures="0" skipped="0" tests="10" time="1.639" timestamp="2026-05-01T08:35:38.297992+00:00" hostname="agent-env-4a15ed2f-dffc-49cb-9af7-f047b9dbe9bd"><testcase classname="backend.tests.test_faq_and_social.TestFAQ" name="test_list_faqs_public_seeded" time="0.245" /><testcase classname="backend.tests.test_faq_and_social.TestFAQ" name="test_create_faq_requires_auth" time="0.111" /><testcase classname="backend.tests.test_faq_and_social.TestFAQ" name="test_create_update_delete_faq" time="0.561" /><testcase classname="backend.tests.test_faq_and_social.TestFAQ" name="test_update_nonexistent_faq" time="0.075" /><testcase classname="backend.tests.test_faq_and_social.TestContactSocial" name="test_get_contact" time="0.056" /><testcase classname="backend.tests.test_faq_and_social.TestContactSocial" name="test_update_contact_youtube_whatsapp" time="0.155" /><testcase classname="backend.tests.test_faq_and_social.TestContactSocial" name="test_update_contact_null_social_fields" time="0.100" /><testcase classname="backend.tests.test_faq_and_social.TestInitEndpoint" name="test_init" time="0.049" /><testcase classname="backend.tests.test_faq_and_social.TestFAQAuthGuard" name="test_put_no_token" time="0.108" /><testcase classname="backend.tests.test_faq_and_social.TestFAQAuthGuard" name="test_delete_no_token" time="0.103" /></testsuite></testsuites>