<?xml version="1.0" encoding="utf-8"?><testsuites name="pytest tests"><testsuite name="pytest" errors="0" failures="0" skipped="0" tests="17" time="2.359" timestamp="2026-03-29T10:42:45.042250+00:00" hostname="agent-env-a16fa4e1-29dd-4f23-8a5c-81f5b910f9a2"><testcase classname="backend.tests.test_init_endpoint.TestInitEndpoint" name="test_init_endpoint_returns_200" time="0.127" /><testcase classname="backend.tests.test_init_endpoint.TestInitEndpoint" name="test_init_returns_all_8_sections" time="0.111" /><testcase classname="backend.tests.test_init_endpoint.TestInitEndpoint" name="test_site_settings_structure" time="0.104" /><testcase classname="backend.tests.test_init_endpoint.TestInitEndpoint" name="test_contact_structure" time="0.115" /><testcase classname="backend.tests.test_init_endpoint.TestInitEndpoint" name="test_seo_settings_structure" time="0.113" /><testcase classname="backend.tests.test_init_endpoint.TestInitEndpoint" name="test_carousel_is_array" time="0.102" /><testcase classname="backend.tests.test_init_endpoint.TestInitEndpoint" name="test_projects_is_array" time="0.114" /><testcase classname="backend.tests.test_init_endpoint.TestInitEndpoint" name="test_hero_features_structure" time="0.110" /><testcase classname="backend.tests.test_init_endpoint.TestInitEndpoint" name="test_home_stats_structure" time="0.107" /><testcase classname="backend.tests.test_init_endpoint.TestInitEndpoint" name="test_home_cta_structure" time="0.100" /><testcase classname="backend.tests.test_init_endpoint.TestInitEndpoint" name="test_no_mongodb_id_in_response" time="0.107" /><testcase classname="backend.tests.test_init_endpoint.TestAdminLogin" name="test_admin_login_success" time="0.330" /><testcase classname="backend.tests.test_init_endpoint.TestAdminLogin" name="test_admin_login_wrong_password" time="0.321" /><testcase classname="backend.tests.test_init_endpoint.TestOtherEndpoints" name="test_projects_endpoint" time="0.095" /><testcase classname="backend.tests.test_init_endpoint.TestOtherEndpoints" name="test_blog_endpoint" time="0.097" /><testcase classname="backend.tests.test_init_endpoint.TestOtherEndpoints" name="test_carousel_endpoint" time="0.100" /><testcase classname="backend.tests.test_init_endpoint.TestOtherEndpoints" name="test_about_endpoint" time="0.099" /></testsuite></testsuites>