<?xml version="1.0" encoding="utf-8"?><testsuites name="pytest tests"><testsuite name="pytest" errors="0" failures="0" skipped="0" tests="8" time="4.129" timestamp="2026-02-21T18:03:47.405089+00:00" hostname="agent-env-ebafcb03-be25-4387-b439-d038e23a30d1"><testcase classname="backend.tests.test_logo_management.TestSiteSettingsAPI" name="test_get_site_settings_public" time="0.194" /><testcase classname="backend.tests.test_logo_management.TestSiteSettingsAPI" name="test_update_site_settings_requires_auth" time="0.139" /><testcase classname="backend.tests.test_logo_management.TestSiteSettingsAPI" name="test_update_site_name" time="0.757" /><testcase classname="backend.tests.test_logo_management.TestSiteSettingsAPI" name="test_update_navbar_logo" time="0.757" /><testcase classname="backend.tests.test_logo_management.TestSiteSettingsAPI" name="test_update_footer_logo" time="0.768" /><testcase classname="backend.tests.test_logo_management.TestSiteSettingsAPI" name="test_update_all_settings" time="0.698" /><testcase classname="backend.tests.test_logo_management.TestSiteSettingsAPI" name="test_clear_logo_with_empty_string" time="0.640" /><testcase classname="backend.tests.test_logo_management.TestSiteSettingsAPI" name="test_invalid_token_rejected" time="0.107" /></testsuite></testsuites>