<?xml version="1.0" encoding="utf-8"?><testsuites name="pytest tests"><testsuite name="pytest" errors="0" failures="0" skipped="0" tests="45" time="4.052" timestamp="2026-04-28T21:38:17.078044+00:00" hostname="agent-env-4a15ed2f-dffc-49cb-9af7-f047b9dbe9bd"><testcase classname="backend.tests.test_new_features.TestHealthAndRegression" name="test_health" time="0.296" /><testcase classname="backend.tests.test_new_features.TestHealthAndRegression" name="test_root" time="0.059" /><testcase classname="backend.tests.test_new_features.TestHealthAndRegression" name="test_projects_list" time="0.062" /><testcase classname="backend.tests.test_new_features.TestHealthAndRegression" name="test_blog_list" time="0.054" /><testcase classname="backend.tests.test_new_features.TestHealthAndRegression" name="test_content_init" time="0.065" /><testcase classname="backend.tests.test_new_features.TestHealthAndRegression" name="test_carousel" time="0.057" /><testcase classname="backend.tests.test_new_features.TestHealthAndRegression" name="test_ilce_verileri" time="0.059" /><testcase classname="backend.tests.test_new_features.TestResaleListings" name="test_get_list_public" time="0.059" /><testcase classname="backend.tests.test_new_features.TestResaleListings" name="test_get_404" time="0.266" /><testcase classname="backend.tests.test_new_features.TestResaleListings" name="test_create_unauth" time="0.073" /><testcase classname="backend.tests.test_new_features.TestResaleListings" name="test_create_invalid_token" time="0.055" /><testcase classname="backend.tests.test_new_features.TestResaleListings" name="test_create_full" time="0.368" /><testcase classname="backend.tests.test_new_features.TestResaleListings" name="test_get_by_id" time="0.069" /><testcase classname="backend.tests.test_new_features.TestResaleListings" name="test_list_includes_created" time="0.056" /><testcase classname="backend.tests.test_new_features.TestResaleListings" name="test_filters" time="0.065" /><testcase classname="backend.tests.test_new_features.TestResaleListings" name="test_update_unauth" time="0.057" /><testcase classname="backend.tests.test_new_features.TestResaleListings" name="test_update_success" time="0.122" /><testcase classname="backend.tests.test_new_features.TestResaleListings" name="test_update_404" time="0.060" /><testcase classname="backend.tests.test_new_features.TestResaleListings" name="test_active_only_filter_excludes_inactive" time="0.115" /><testcase classname="backend.tests.test_new_features.TestResaleListings" name="test_delete_unauth" time="0.057" /><testcase classname="backend.tests.test_new_features.TestResaleListings" name="test_delete_success" time="0.125" /><testcase classname="backend.tests.test_new_features.TestResaleListings" name="test_delete_404" time="0.058" /><testcase classname="backend.tests.test_new_features.TestTalepForms" name="test_submit_public" time="0.059" /><testcase classname="backend.tests.test_new_features.TestTalepForms" name="test_submit_minimal" time="0.053" /><testcase classname="backend.tests.test_new_features.TestTalepForms" name="test_submit_invalid" time="0.060" /><testcase classname="backend.tests.test_new_features.TestTalepForms" name="test_list_unauth" time="0.056" /><testcase classname="backend.tests.test_new_features.TestTalepForms" name="test_list_admin" time="0.054" /><testcase classname="backend.tests.test_new_features.TestTalepForms" name="test_update_status_unauth" time="0.056" /><testcase classname="backend.tests.test_new_features.TestTalepForms" name="test_update_status_admin" time="0.124" /><testcase classname="backend.tests.test_new_features.TestTalepForms" name="test_update_status_404" time="0.083" /><testcase classname="backend.tests.test_new_features.TestTalepForms" name="test_delete_unauth" time="0.063" /><testcase classname="backend.tests.test_new_features.TestTalepForms" name="test_delete_admin" time="0.116" /><testcase classname="backend.tests.test_new_features.TestTalepForms" name="test_delete_404" time="0.058" /><testcase classname="backend.tests.test_new_features.TestEkspertizForms" name="test_submit_public" time="0.068" /><testcase classname="backend.tests.test_new_features.TestEkspertizForms" name="test_submit_invalid" time="0.059" /><testcase classname="backend.tests.test_new_features.TestEkspertizForms" name="test_list_unauth" time="0.053" /><testcase classname="backend.tests.test_new_features.TestEkspertizForms" name="test_list_admin" time="0.060" /><testcase classname="backend.tests.test_new_features.TestEkspertizForms" name="test_update_status_admin" time="0.125" /><testcase classname="backend.tests.test_new_features.TestEkspertizForms" name="test_update_status_unauth" time="0.061" /><testcase classname="backend.tests.test_new_features.TestEkspertizForms" name="test_delete_admin" time="0.058" /><testcase classname="backend.tests.test_new_features.TestMarketTrends" name="test_get_public" time="0.054" /><testcase classname="backend.tests.test_new_features.TestMarketTrends" name="test_update_unauth" time="0.051" /><testcase classname="backend.tests.test_new_features.TestMarketTrends" name="test_update_admin" time="0.169" /><testcase classname="backend.tests.test_new_features.TestMarketTrends" name="test_update_invalid_payload" time="0.060" /><testcase classname="backend.tests.test_new_features.TestMarketTrends" name="test_restore_data" time="0.058" /></testsuite></testsuites>