<?xml version="1.0" encoding="utf-8"?><testsuites name="pytest tests"><testsuite name="pytest" errors="0" failures="0" skipped="0" tests="8" time="2.282" timestamp="2026-03-09T08:18:26.207377+00:00" hostname="agent-env-9bba5f53-2526-4d17-b9cd-176cd36908a1"><testcase classname="tests.test_p0_features.TestHomeStatsAPI" name="test_get_home_stats_success" time="0.144" /><testcase classname="tests.test_p0_features.TestHomeStatsAPI" name="test_update_home_stats_requires_auth" time="0.105" /><testcase classname="tests.test_p0_features.TestHomeStatsAPI" name="test_update_home_stats_with_auth" time="0.819" /><testcase classname="tests.test_p0_features.TestHomeCTAAPI" name="test_get_home_cta_success" time="0.112" /><testcase classname="tests.test_p0_features.TestHomeCTAAPI" name="test_update_home_cta_requires_auth" time="0.097" /><testcase classname="tests.test_p0_features.TestHomeCTAAPI" name="test_update_home_cta_with_auth" time="0.423" /><testcase classname="tests.test_p0_features.TestContactMapURL" name="test_get_contact_has_map_embed_url_field" time="0.100" /><testcase classname="tests.test_p0_features.TestContactMapURL" name="test_update_contact_map_embed_url" time="0.395" /></testsuite></testsuites>