<?xml version="1.0" encoding="utf-8"?><testsuites name="pytest tests"><testsuite name="pytest" errors="0" failures="2" skipped="0" tests="25" time="3.479" timestamp="2026-03-29T09:23:18.657304+00:00" hostname="agent-env-a16fa4e1-29dd-4f23-8a5c-81f5b910f9a2"><testcase classname="backend.tests.test_performance_refactor.TestUnifiedEndpoints" name="test_site_data_endpoint_returns_200" time="0.165" /><testcase classname="backend.tests.test_performance_refactor.TestUnifiedEndpoints" name="test_site_data_contains_site_settings" time="0.114" /><testcase classname="backend.tests.test_performance_refactor.TestUnifiedEndpoints" name="test_site_data_contains_contact" time="0.099" /><testcase classname="backend.tests.test_performance_refactor.TestUnifiedEndpoints" name="test_site_data_contains_seo_settings" time="0.107" /><testcase classname="backend.tests.test_performance_refactor.TestUnifiedEndpoints" name="test_site_data_has_cache_header" time="0.099"><failure message="AssertionError: Missing max-age in Cache-Control: no-store, no-cache, must-revalidate&#10;assert 'max-age' in 'no-store, no-cache, must-revalidate'">backend/tests/test_performance_refactor.py:53: in test_site_data_has_cache_header
    assert 'max-age' in cache_control, f"Missing max-age in Cache-Control: {cache_control}"
E   AssertionError: Missing max-age in Cache-Control: no-store, no-cache, must-revalidate
E   assert 'max-age' in 'no-store, no-cache, must-revalidate'</failure></testcase><testcase classname="backend.tests.test_performance_refactor.TestUnifiedEndpoints" name="test_homepage_data_endpoint_returns_200" time="0.097" /><testcase classname="backend.tests.test_performance_refactor.TestUnifiedEndpoints" name="test_homepage_data_contains_carousel" time="0.104" /><testcase classname="backend.tests.test_performance_refactor.TestUnifiedEndpoints" name="test_homepage_data_contains_projects" time="0.106" /><testcase classname="backend.tests.test_performance_refactor.TestUnifiedEndpoints" name="test_homepage_data_contains_hero_features" time="0.101" /><testcase classname="backend.tests.test_performance_refactor.TestUnifiedEndpoints" name="test_homepage_data_contains_home_stats" time="0.107" /><testcase classname="backend.tests.test_performance_refactor.TestUnifiedEndpoints" name="test_homepage_data_contains_home_cta" time="0.097" /><testcase classname="backend.tests.test_performance_refactor.TestUnifiedEndpoints" name="test_homepage_data_has_cache_header" time="0.098"><failure message="AssertionError: Missing max-age in Cache-Control: no-store, no-cache, must-revalidate&#10;assert 'max-age' in 'no-store, no-cache, must-revalidate'">backend/tests/test_performance_refactor.py:123: in test_homepage_data_has_cache_header
    assert 'max-age' in cache_control, f"Missing max-age in Cache-Control: {cache_control}"
E   AssertionError: Missing max-age in Cache-Control: no-store, no-cache, must-revalidate
E   assert 'max-age' in 'no-store, no-cache, must-revalidate'</failure></testcase><testcase classname="backend.tests.test_performance_refactor.TestIndividualEndpoints" name="test_site_settings_endpoint" time="0.111" /><testcase classname="backend.tests.test_performance_refactor.TestIndividualEndpoints" name="test_contact_endpoint" time="0.122" /><testcase classname="backend.tests.test_performance_refactor.TestIndividualEndpoints" name="test_seo_settings_endpoint" time="0.101" /><testcase classname="backend.tests.test_performance_refactor.TestIndividualEndpoints" name="test_hero_features_endpoint" time="0.099" /><testcase classname="backend.tests.test_performance_refactor.TestIndividualEndpoints" name="test_home_stats_endpoint" time="0.101" /><testcase classname="backend.tests.test_performance_refactor.TestIndividualEndpoints" name="test_home_cta_endpoint" time="0.171" /><testcase classname="backend.tests.test_performance_refactor.TestAuthEndpoints" name="test_admin_login_success" time="0.410" /><testcase classname="backend.tests.test_performance_refactor.TestAuthEndpoints" name="test_admin_login_wrong_password" time="0.323" /><testcase classname="backend.tests.test_performance_refactor.TestProjectsAndBlog" name="test_projects_list" time="0.107" /><testcase classname="backend.tests.test_performance_refactor.TestProjectsAndBlog" name="test_blog_list" time="0.107" /><testcase classname="backend.tests.test_performance_refactor.TestProjectsAndBlog" name="test_carousel_list" time="0.108" /><testcase classname="backend.tests.test_performance_refactor.TestImageUrls" name="test_carousel_images_not_dead_urls" time="0.129" /><testcase classname="backend.tests.test_performance_refactor.TestImageUrls" name="test_project_images_not_dead_urls" time="0.102" /></testsuite></testsuites>