<?xml version="1.0" encoding="utf-8"?><testsuites name="pytest tests"><testsuite name="pytest" errors="0" failures="1" skipped="0" tests="9" time="5.903" timestamp="2026-02-21T15:19:14.748541+00:00" hostname="agent-env-6e7c3e40-f5c4-4816-a90f-48dc54143ba4"><testcase classname="tests.test_project_units.TestProjectUnits" name="test_health_check" time="0.742"><failure message="assert 404 == 200&#10; +  where 404 = &lt;Response [404]&gt;.status_code">tests/test_project_units.py:40: in test_health_check
    assert response.status_code == 200
E   assert 404 == 200
E    +  where 404 = &lt;Response [404]&gt;.status_code</failure></testcase><testcase classname="tests.test_project_units.TestProjectUnits" name="test_admin_login" time="0.716" /><testcase classname="tests.test_project_units.TestProjectUnits" name="test_create_project_with_units" time="0.562" /><testcase classname="tests.test_project_units.TestProjectUnits" name="test_get_project_with_units" time="0.643" /><testcase classname="tests.test_project_units.TestProjectUnits" name="test_update_project_units" time="0.869" /><testcase classname="tests.test_project_units.TestProjectUnits" name="test_unit_status_values" time="0.516" /><testcase classname="tests.test_project_units.TestProjectUnits" name="test_unit_room_types" time="0.532" /><testcase classname="tests.test_project_units.TestProjectUnits" name="test_get_existing_project_units" time="0.476" /><testcase classname="tests.test_project_units.TestProjectUnits" name="test_delete_project_with_units" time="0.690" /></testsuite></testsuites>