<?xml version="1.0" encoding="utf-8"?><testsuites name="pytest tests"><testsuite name="pytest" errors="0" failures="0" skipped="0" tests="9" time="5.376" timestamp="2026-02-21T15:24:38.913609+00:00" hostname="agent-env-6e7c3e40-f5c4-4816-a90f-48dc54143ba4"><testcase classname="tests.test_project_units.TestProjectUnits" name="test_health_check" time="0.708" /><testcase classname="tests.test_project_units.TestProjectUnits" name="test_admin_login" time="0.747" /><testcase classname="tests.test_project_units.TestProjectUnits" name="test_create_project_with_units" time="0.550" /><testcase classname="tests.test_project_units.TestProjectUnits" name="test_get_project_with_units" time="0.539" /><testcase classname="tests.test_project_units.TestProjectUnits" name="test_update_project_units" time="0.610" /><testcase classname="tests.test_project_units.TestProjectUnits" name="test_unit_status_values" time="0.566" /><testcase classname="tests.test_project_units.TestProjectUnits" name="test_unit_room_types" time="0.503" /><testcase classname="tests.test_project_units.TestProjectUnits" name="test_get_existing_project_units" time="0.441" /><testcase classname="tests.test_project_units.TestProjectUnits" name="test_delete_project_with_units" time="0.570" /></testsuite></testsuites>