<?xml version="1.0" encoding="utf-8"?><testsuites name="pytest tests"><testsuite name="pytest" errors="0" failures="0" skipped="0" tests="24" time="4.427" timestamp="2026-02-21T17:26:15.105582+00:00" hostname="agent-env-6e7c3e40-f5c4-4816-a90f-48dc54143ba4"><testcase classname="backend.tests.test_security.TestSecurityContactForm" name="test_sql_injection_in_name_field" time="0.184" /><testcase classname="backend.tests.test_security.TestSecurityContactForm" name="test_sql_injection_in_email_field" time="0.166" /><testcase classname="backend.tests.test_security.TestSecurityContactForm" name="test_sql_injection_in_message_field" time="0.103" /><testcase classname="backend.tests.test_security.TestSecurityContactForm" name="test_xss_in_name_field" time="0.121" /><testcase classname="backend.tests.test_security.TestSecurityContactForm" name="test_xss_in_subject_field" time="0.171" /><testcase classname="backend.tests.test_security.TestSecurityContactForm" name="test_xss_in_message_field" time="0.119" /><testcase classname="backend.tests.test_security.TestAuthSecurity" name="test_admin_messages_without_auth" time="0.115" /><testcase classname="backend.tests.test_security.TestAuthSecurity" name="test_admin_users_without_auth" time="0.104" /><testcase classname="backend.tests.test_security.TestAuthSecurity" name="test_admin_projects_create_without_auth" time="0.231" /><testcase classname="backend.tests.test_security.TestAuthSecurity" name="test_admin_projects_delete_without_auth" time="0.118" /><testcase classname="backend.tests.test_security.TestAuthSecurity" name="test_admin_blog_create_without_auth" time="0.106" /><testcase classname="backend.tests.test_security.TestAuthSecurity" name="test_invalid_token_rejected" time="0.121" /><testcase classname="backend.tests.test_security.TestAuthSecurity" name="test_expired_token_format_rejected" time="0.152" /><testcase classname="backend.tests.test_security.TestAuthSecurity" name="test_missing_bearer_prefix_rejected" time="0.114" /><testcase classname="backend.tests.test_security.TestAuthLogin" name="test_login_with_valid_credentials" time="0.343" /><testcase classname="backend.tests.test_security.TestAuthLogin" name="test_login_with_invalid_password" time="0.352" /><testcase classname="backend.tests.test_security.TestAuthLogin" name="test_login_with_invalid_username" time="0.108" /><testcase classname="backend.tests.test_security.TestAuthLogin" name="test_login_sql_injection_attempt" time="0.137" /><testcase classname="backend.tests.test_security.TestProtectedEndpointsWithValidToken" name="test_messages_with_valid_token" time="0.477" /><testcase classname="backend.tests.test_security.TestProtectedEndpointsWithValidToken" name="test_users_with_valid_token" time="0.448" /><testcase classname="backend.tests.test_security.TestPublicEndpoints" name="test_projects_list_public" time="0.114" /><testcase classname="backend.tests.test_security.TestPublicEndpoints" name="test_blog_list_public" time="0.114" /><testcase classname="backend.tests.test_security.TestPublicEndpoints" name="test_about_content_public" time="0.148" /><testcase classname="backend.tests.test_security.TestPublicEndpoints" name="test_contact_form_submission_public" time="0.125" /></testsuite></testsuites>